2026-01-09 19:17:09,665 - INFO - Consumption Manager erfolgreich importiert
2026-01-09 19:17:09,666 - INFO - Smart Feeding Tracker erfolgreich importiert
2026-01-09 19:17:09,670 - INFO - Gewichtssensor-Klasse gefunden: Gewichtssensor
2026-01-09 19:17:09,697 - INFO - Distance-Sensor-Klasse gefunden: VL53L0XSensor
2026-01-09 19:17:09,698 - INFO - Motor-Klasse gefunden: MotorController
2026-01-09 19:17:09,738 - INFO - feedingControl Funktionen erfolgreich importiert
2026-01-09 19:17:09,738 - INFO - Dynamischer Import abgeschlossen
2026-01-09 19:17:09,943 - INFO - 🔌 WebSocket initialisiert
2026-01-09 19:17:09,944 - INFO - ✅ WebSocket-Integration aktiviert
2026-01-09 19:17:09,944 - INFO - Starte Hintergrund-Scheduler für automatische Fütterungsprüfung (feeding_status_scheduler)
2026-01-09 19:17:09,945 - INFO - Scheduler: Rufe aktualisiere_fütterungsstatus() auf ...
2026-01-09 19:17:09,945 - INFO - Starte Fütterungsstatus-Update...
2026-01-09 19:17:09,946 - INFO - JSON-Daten erfolgreich geladen (FeedingPlan).
2026-01-09 19:17:09,947 - INFO - HardwareManager initialisiert
2026-01-09 19:17:09,947 - INFO - Aktueller Tag: Freitag, Aktuelle Zeit: 19:17:09.947652
2026-01-09 19:17:09,959 - INFO - Verarbeite aktiven Plan: Ueli
2026-01-09 19:17:10,008 - INFO - Keine Fütterungen zu verarbeiten.
2026-01-09 19:17:11,037 - INFO - [LOAD CALIBRATION] Kalibrierungsdaten geladen: Reference Unit=1933.5707090207084, Offset=902748.9189189189
2026-01-09 19:17:11,037 - INFO - [INIT] State = SensorState.READY (Kalibrierungsdaten geladen)
2026-01-09 19:17:11,037 - INFO - WeightSensor initialisiert
2026-01-09 19:17:11,038 - INFO - 🔄 Tracking-Loop gestartet
2026-01-09 19:17:11,038 - INFO - 🎯 Smart Feeding Tracker gestartet
2026-01-09 19:17:11,048 - INFO - ✅ Smart Feeding Tracker gestartet
2026-01-09 19:17:11,059 - INFO - 🔄 WebSocket Broadcast-Thread gestartet
2026-01-09 19:17:11,064 - INFO - 🚀 WebSocket Background-Broadcaster gestartet
2026-01-09 19:17:11,070 - INFO - 🚀 Starte CatBot V3 API Server mit WebSocket-Support...
2026-01-09 19:17:11,075 - INFO - ✅ WebSocket aktiviert - Echtzeit-Updates enabled
2026-01-09 19:17:11,080 - INFO - 💡 Für Production verwende: gunicorn --worker-class eventlet -w 1 -b 0.0.0.0:5000 main:app
2026-01-09 19:17:11,085 - INFO - 🔧 Verwende Flask Development Server mit Threading...
2026-01-09 19:17:11,091 - WARNING - Werkzeug appears to be used in a production deployment. Consider switching to a production web server instead.
 * Serving Flask app 'main'
 * Debug mode: off
Address already in use
Port 5000 is in use by another program. Either identify and stop that program, or start the server with a different port.
2026-01-09 19:17:11,323 - ERROR - [DISTANCE SENSOR] Unerwarteter Fehler bei Initialisierung: [Errno 121] Remote I/O error
2026-01-09 19:17:11,328 - INFO - DistanceSensor initialisiert
2026-01-09 19:17:11,334 - INFO - MotorController initialisiert
2026-01-09 19:17:12,008 - INFO - Starte Cache Warmup...
2026-01-09 19:17:12,020 - INFO - Cache Warmup abgeschlossen
2026-01-09 19:17:12,651 - INFO - [CLEANUP] GPIO bereinigt
2026-01-09 19:17:12,652 - WARNING - [GET WEIGHT] Sensor nicht initialisiert
2026-01-09 19:17:12,652 - WARNING - [DISTANCE SENSOR] Sensor nicht initialisiert
2026-01-09 19:17:12,652 - WARNING - [GET WEIGHT] Sensor nicht initialisiert
2026-01-09 19:17:12,653 - WARNING - WeightSensor lieferte None (Versuch 1)
2026-01-09 19:17:12,653 - INFO - [DISTANCE SENSOR] Cleanup abgeschlossen
2026-01-09 19:17:12,653 - ERROR - Hardware cleanup error: 'MotorController' object has no attribute 'cleanup'
2026-01-09 19:17:12,654 - WARNING - [DISTANCE SENSOR] Sensor nicht initialisiert
2026-01-09 19:17:12,654 - WARNING - DistanceSensor lieferte None (Versuch 1)
2026-01-09 19:17:12,654 - INFO - Server-Cleanup abgeschlossen
