2026-01-09 19:19:20,902 - INFO - Consumption Manager erfolgreich importiert
2026-01-09 19:19:20,903 - INFO - Smart Feeding Tracker erfolgreich importiert
2026-01-09 19:19:20,907 - INFO - Gewichtssensor-Klasse gefunden: Gewichtssensor
2026-01-09 19:19:20,935 - INFO - Distance-Sensor-Klasse gefunden: VL53L0XSensor
2026-01-09 19:19:20,936 - INFO - Motor-Klasse gefunden: MotorController
2026-01-09 19:19:20,976 - INFO - feedingControl Funktionen erfolgreich importiert
2026-01-09 19:19:20,976 - INFO - Dynamischer Import abgeschlossen
2026-01-09 19:19:21,152 - INFO - 🔌 WebSocket initialisiert
2026-01-09 19:19:21,153 - INFO - ✅ WebSocket-Integration aktiviert
2026-01-09 19:19:21,153 - INFO - Starte Hintergrund-Scheduler für automatische Fütterungsprüfung (feeding_status_scheduler)
2026-01-09 19:19:21,154 - INFO - Scheduler: Rufe aktualisiere_fütterungsstatus() auf ...
2026-01-09 19:19:21,154 - INFO - Starte Fütterungsstatus-Update...
2026-01-09 19:19:21,155 - INFO - HardwareManager initialisiert
2026-01-09 19:19:21,181 - INFO - JSON-Daten erfolgreich geladen (FeedingPlan).
2026-01-09 19:19:21,186 - INFO - Aktueller Tag: Freitag, Aktuelle Zeit: 19:19:21.186623
2026-01-09 19:19:21,192 - INFO - Verarbeite aktiven Plan: Ueli
2026-01-09 19:19:21,203 - INFO - Keine Fütterungen zu verarbeiten.
2026-01-09 19:19:22,200 - INFO - [LOAD CALIBRATION] Kalibrierungsdaten geladen: Reference Unit=1933.5707090207084, Offset=902748.9189189189
2026-01-09 19:19:22,201 - INFO - [INIT] State = SensorState.READY (Kalibrierungsdaten geladen)
2026-01-09 19:19:22,201 - INFO - WeightSensor initialisiert
2026-01-09 19:19:22,201 - INFO - 🔄 Tracking-Loop gestartet
2026-01-09 19:19:22,202 - INFO - 🎯 Smart Feeding Tracker gestartet
2026-01-09 19:19:22,212 - INFO - ✅ Smart Feeding Tracker gestartet
2026-01-09 19:19:22,223 - INFO - 🔄 WebSocket Broadcast-Thread gestartet
2026-01-09 19:19:22,228 - INFO - 🚀 WebSocket Background-Broadcaster gestartet
2026-01-09 19:19:22,244 - INFO - 🚀 Starte CatBot V3 API Server mit WebSocket-Support...
2026-01-09 19:19:22,249 - INFO - ✅ WebSocket aktiviert - Echtzeit-Updates enabled
2026-01-09 19:19:22,254 - INFO - 💡 Für Production verwende: gunicorn --worker-class eventlet -w 1 -b 0.0.0.0:5000 main:app
2026-01-09 19:19:22,259 - INFO - 🔧 Verwende Flask Development Server mit Threading...
2026-01-09 19:19:22,265 - WARNING - Werkzeug appears to be used in a production deployment. Consider switching to a production web server instead.
 * Serving Flask app 'main'
 * Debug mode: off
Address already in use
Port 5000 is in use by another program. Either identify and stop that program, or start the server with a different port.
2026-01-09 19:19:22,502 - ERROR - [DISTANCE SENSOR] Unerwarteter Fehler bei Initialisierung: [Errno 121] Remote I/O error
2026-01-09 19:19:22,502 - INFO - DistanceSensor initialisiert
2026-01-09 19:19:22,502 - INFO - MotorController initialisiert
2026-01-09 19:19:23,205 - INFO - Starte Cache Warmup...
2026-01-09 19:19:23,210 - INFO - Cache Warmup abgeschlossen
2026-01-09 19:19:23,673 - INFO - [CLEANUP] GPIO bereinigt
2026-01-09 19:19:23,673 - INFO - [DISTANCE SENSOR] Cleanup abgeschlossen
2026-01-09 19:19:23,674 - ERROR - Hardware cleanup error: 'MotorController' object has no attribute 'cleanup'
2026-01-09 19:19:23,674 - WARNING - [GET WEIGHT] Sensor nicht initialisiert
2026-01-09 19:19:23,675 - WARNING - [DISTANCE SENSOR] Sensor nicht initialisiert
2026-01-09 19:19:23,675 - WARNING - [GET WEIGHT] Sensor nicht initialisiert
2026-01-09 19:19:23,676 - WARNING - WeightSensor lieferte None (Versuch 1)
2026-01-09 19:19:23,676 - INFO - Server-Cleanup abgeschlossen
2026-01-09 19:19:23,676 - ERROR - DistanceSensor Fehler: cannot schedule new futures after shutdown (Versuch 1)
